
Running 44 tests using 1 worker

  ✓   1 [chromium] › tests\e2e\all-tabs.spec.ts:12:9 › All Tabs — Production Readiness › Homepage (/) › loads and shows feed or empty state (1.8s)
  ✓   2 [chromium] › tests\e2e\all-tabs.spec.ts:21:9 › All Tabs — Production Readiness › Homepage (/) › has navigation sidebar links (2.2s)
  ✓   3 [chromium] › tests\e2e\all-tabs.spec.ts:30:9 › All Tabs — Production Readiness › Explore (/explore) › loads with title (1.5s)
  ✓   4 [chromium] › tests\e2e\all-tabs.spec.ts:36:9 › All Tabs — Production Readiness › Explore (/explore) › shows agent cards or discovery section (3.2s)
  ✓   5 [chromium] › tests\e2e\all-tabs.spec.ts:46:9 › All Tabs — Production Readiness › Explore Agents (/explore/agents) › loads agent listing (1.6s)
  ✓   6 [chromium] › tests\e2e\all-tabs.spec.ts:54:9 › All Tabs — Production Readiness › Marketplace (/marketplace) › loads marketplace page (1.8s)
  ✓   7 [chromium] › tests\e2e\all-tabs.spec.ts:63:9 › All Tabs — Production Readiness › Contracts (/contracts) › loads contracts page with heading (3.4s)
  ✓   8 [chromium] › tests\e2e\all-tabs.spec.ts:69:9 › All Tabs — Production Readiness › Contracts (/contracts) › shows contract stats or empty state (4.1s)
  ✓   9 [chromium] › tests\e2e\all-tabs.spec.ts:80:9 › All Tabs — Production Readiness › Tokens (/tokens) › loads token leaderboard (1.9s)
  ✓  10 [chromium] › tests\e2e\all-tabs.spec.ts:88:9 › All Tabs — Production Readiness › Token Info (/token) › shows RELAY token info (1.7s)
  ✓  11 [chromium] › tests\e2e\all-tabs.spec.ts:95:9 › All Tabs — Production Readiness › Token Info (/token) › shows contract address section (2.0s)
  ✓  12 [chromium] › tests\e2e\all-tabs.spec.ts:103:9 › All Tabs — Production Readiness › Wallet (/wallet) › loads wallet page (1.7s)
  ✓  13 [chromium] › tests\e2e\all-tabs.spec.ts:112:9 › All Tabs — Production Readiness › Network (/network) › loads network status page (1.9s)
  ✓  14 [chromium] › tests\e2e\all-tabs.spec.ts:117:9 › All Tabs — Production Readiness › Network (/network) › shows network monitoring content (3.7s)
  ✓  15 [chromium] › tests\e2e\all-tabs.spec.ts:128:9 › All Tabs — Production Readiness › Governance (/governance) › loads governance page (2.8s)
  ✓  16 [chromium] › tests\e2e\all-tabs.spec.ts:137:9 › All Tabs — Production Readiness › Search (/search) › loads with search input (2.3s)
  ✓  17 [chromium] › tests\e2e\all-tabs.spec.ts:147:9 › All Tabs — Production Readiness › Businesses (/businesses) › loads businesses page (3.7s)
  ✓  18 [chromium] › tests\e2e\all-tabs.spec.ts:152:9 › All Tabs — Production Readiness › Businesses (/businesses) › shows businesses heading and content (3.3s)
  ✓  19 [chromium] › tests\e2e\all-tabs.spec.ts:162:9 › All Tabs — Production Readiness › Audit (/audit) › loads audit page (1.5s)
  ✓  20 [chromium] › tests\e2e\all-tabs.spec.ts:167:9 › All Tabs — Production Readiness › Audit (/audit) › shows audit interface (2.9s)
  ✓  21 [chromium] › tests\e2e\all-tabs.spec.ts:177:9 › All Tabs — Production Readiness › Analytics (/analytics) › loads analytics page (1.8s)
  ✓  22 [chromium] › tests\e2e\all-tabs.spec.ts:186:9 › All Tabs — Production Readiness › Create (/create) › loads create page with options (1.6s)
  ✓  23 [chromium] › tests\e2e\all-tabs.spec.ts:194:9 › All Tabs — Production Readiness › Create Agent (/create-agent) › loads create agent form (2.2s)
  ✓  24 [chromium] › tests\e2e\all-tabs.spec.ts:199:9 › All Tabs — Production Readiness › Create Agent (/create-agent) › shows form fields (1.9s)
  ✓  25 [chromium] › tests\e2e\all-tabs.spec.ts:210:9 › All Tabs — Production Readiness › Developers (/developers) › loads developer portal (2.3s)
  ✓  26 [chromium] › tests\e2e\all-tabs.spec.ts:216:9 › All Tabs — Production Readiness › Developers (/developers) › shows API documentation or tabs (3.3s)
  ✓  27 [chromium] › tests\e2e\all-tabs.spec.ts:226:9 › All Tabs — Production Readiness › Messages (/messages) › loads messages page (1.9s)
  ✓  28 [chromium] › tests\e2e\all-tabs.spec.ts:235:9 › All Tabs — Production Readiness › Notifications (/notifications) › loads notifications page (2.1s)
  ✓  29 [chromium] › tests\e2e\all-tabs.spec.ts:244:9 › All Tabs — Production Readiness › Profile (/profile) › loads profile page (2.8s)
  ✓  30 [chromium] › tests\e2e\all-tabs.spec.ts:253:9 › All Tabs — Production Readiness › Settings (/settings) › loads settings page (2.8s)
  ✓  31 [chromium] › tests\e2e\all-tabs.spec.ts:262:9 › All Tabs — Production Readiness › Admin (/admin) › loads without crash (may redirect unauthenticated users) (1.9s)
  ✓  32 [chromium] › tests\e2e\all-tabs.spec.ts:273:9 › All Tabs — Production Readiness › Auth Pages › login loads (1.5s)
  ✓  33 [chromium] › tests\e2e\all-tabs.spec.ts:280:9 › All Tabs — Production Readiness › Auth Pages › signup loads (1.3s)
  ✓  34 [chromium] › tests\e2e\all-tabs.spec.ts:288:9 › All Tabs — Production Readiness › Public Pages › landing page loads (3.3s)
  ✓  35 [chromium] › tests\e2e\all-tabs.spec.ts:295:9 › All Tabs — Production Readiness › Public Pages › terms page loads (1.0s)
  ✓  36 [chromium] › tests\e2e\all-tabs.spec.ts:300:9 › All Tabs — Production Readiness › Public Pages › privacy page loads (982ms)
  ✓  37 [chromium] › tests\e2e\all-tabs.spec.ts:305:9 › All Tabs — Production Readiness › Public Pages › whitepaper page loads (1.3s)
  ✓  38 [chromium] › tests\e2e\all-tabs.spec.ts:313:9 › All Tabs — Production Readiness › Error Handling › 404 page shows for non-existent route (1.3s)
  ✓  39 [chromium] › tests\e2e\all-tabs.spec.ts:321:9 › All Tabs — Production Readiness › API Health › health endpoint returns 200 (594ms)
  ✓  40 [chromium] › tests\e2e\all-tabs.spec.ts:328:9 › All Tabs — Production Readiness › API Health › agents API returns data (878ms)
  ✓  41 [chromium] › tests\e2e\all-tabs.spec.ts:335:9 › All Tabs — Production Readiness › API Health › posts API returns data (411ms)
  ✓  42 [chromium] › tests\e2e\all-tabs.spec.ts:340:9 › All Tabs — Production Readiness › API Health › contracts API returns data (318ms)
  ✓  43 [chromium] › tests\e2e\all-tabs.spec.ts:348:9 › All Tabs — Production Readiness › Tab Navigation Flow › can navigate through main tabs without crash (16.5s)
  ✓  44 [chromium] › tests\e2e\all-tabs.spec.ts:368:9 › All Tabs — Production Readiness › Tab Navigation Flow › can navigate through secondary tabs without crash (11.4s)

  44 passed (2.0m)
