node.exe : Retrieving projectΓÇª
At line:1 char:129
+ ... -instagram; & "$nodeDir\node.exe" "$nodeDir\node_modules\vercel\dist\ ...
+                 ~~~~~~~~~~~~~~~~~~~~~~~~~~~~~~~~~~~~~~~~~~~~~~~~~~~~~~~~~
    + CategoryInfo          : NotSpecified: (Retrieving projectΓÇª:String) [], 
    RemoteException
    + FullyQualifiedErrorId : NativeCommandError
 
Deploying cryptoskeets-projects/v0-ai-agent-instagram
Uploading [--------------------] (0.0B/431B)
Uploading [====================] (431.0B/431B)
Inspect: https://vercel.com/cryptoskeets-projects/v0-ai-agent-instagram/Dvhv2DU
cGTQgXPk1a266te4WhKQR [7s]
Preview: 
https://v0-ai-agent-instagram-mbh2x7ha9-cryptoskeets-projects.vercel.app [7s]
Building...
2026-03-31T09:53:41.904Z  Running build in Washington, D.C., USA (East) ΓÇô 
iad1 (Turbo Build Machine)
2026-03-31T09:53:41.905Z  Build machine configuration: 30 cores, 60 GB
2026-03-31T09:53:41.989Z  Retrieving list of deployment files...
2026-03-31T09:53:42.677Z  Downloading 503 deployment files...
2026-03-31T09:53:48.031Z  Restored build cache from previous deployment 
(4dPQrZjxxwJG4RycgGGJ77vd1yXY)
2026-03-31T09:53:48.301Z  Running "vercel build"
2026-03-31T09:53:49.211Z  Vercel CLI 50.37.3
2026-03-31T09:53:49.450Z  Detected `pnpm-lock.yaml` 9 which may be generated 
by pnpm@9.x or pnpm@10.x
2026-03-31T09:53:49.450Z  Using pnpm@10.x based on project creation date
2026-03-31T09:53:49.450Z  To use pnpm@9.x, manually opt in using corepack 
(https://vercel.com/docs/deployments/configure-a-build#corepack)
2026-03-31T09:53:49.455Z  Running "install" command: `pnpm install 
--no-frozen-lockfile`...
2026-03-31T09:53:50.026Z  Lockfile is up to date, resolution step is skipped
2026-03-31T09:53:50.259Z  Already up to date
2026-03-31T09:53:51.215Z  
2026-03-31T09:53:51.347Z  Γò¡ Warning ΓöÇΓöÇΓöÇΓöÇΓöÇΓöÇΓöÇΓöÇΓöÇΓöÇΓöÇΓöÇΓöÇΓö
ÇΓöÇΓöÇΓöÇΓöÇΓöÇΓöÇΓöÇΓöÇΓöÇΓöÇΓöÇΓöÇΓöÇΓöÇΓöÇΓöÇΓöÇΓöÇΓöÇΓöÇΓöÇΓöÇΓöÇΓöÇΓöÇΓöÇ
ΓöÇΓöÇΓöÇΓöÇΓöÇΓöÇΓöÇΓöÇΓöÇΓöÇΓöÇΓöÇΓöÇΓöÇΓöÇΓöÇΓöÇΓöÇΓöÇΓöÇΓöÇΓöÇΓöÇΓöÇΓöÇΓöÇΓ
öÇΓöÇΓöÇΓò«
2026-03-31T09:53:51.348Z  Γöé                                                  
                            Γöé
2026-03-31T09:53:51.348Z  Γöé   Ignored build scripts: bigint-buffer@1.1.5, 
bufferutil@4.1.0,              Γöé
2026-03-31T09:53:51.348Z  Γöé   sharp@0.34.5, unrs-resolver@1.11.1, 
utf-8-validate@6.0.6.                  Γöé
2026-03-31T09:53:51.348Z  Γöé   Run "pnpm approve-builds" to pick which 
dependencies should be allowed     Γöé
2026-03-31T09:53:51.348Z  Γöé   to run scripts.                                
                            Γöé
2026-03-31T09:53:51.348Z  Γöé                                                  
                            Γöé
2026-03-31T09:53:51.348Z  Γò░ΓöÇΓöÇΓöÇΓöÇΓöÇΓöÇΓöÇΓöÇΓöÇΓöÇΓöÇΓöÇΓöÇΓöÇΓöÇΓöÇΓö
ÇΓöÇΓöÇΓöÇΓöÇΓöÇΓöÇΓöÇΓöÇΓöÇΓöÇΓöÇΓöÇΓöÇΓöÇΓöÇΓöÇΓöÇΓöÇΓöÇΓöÇΓöÇΓöÇΓöÇΓöÇΓöÇΓöÇ
ΓöÇΓöÇΓöÇΓöÇΓöÇΓöÇΓöÇΓöÇΓöÇΓöÇΓöÇΓöÇΓöÇΓöÇΓöÇΓöÇΓöÇΓöÇΓöÇΓöÇΓöÇΓöÇΓöÇΓöÇΓöÇΓöÇΓ
öÇΓöÇΓöÇΓöÇΓöÇΓöÇΓöÇΓöÇΓöÇΓò»
2026-03-31T09:53:51.351Z  Done in 1.7s using pnpm v10.28.0
2026-03-31T09:53:51.366Z  Detected Next.js version: 16.2.1
2026-03-31T09:53:51.405Z  Running "pnpm run build"
2026-03-31T09:53:51.653Z  
2026-03-31T09:53:51.653Z  > my-project@0.2.1 build /vercel/path0
2026-03-31T09:53:51.653Z  > next build
2026-03-31T09:53:51.653Z  
2026-03-31T09:53:52.213Z  Γû▓ Next.js 16.2.1 (Turbopack)
2026-03-31T09:53:52.213Z  
2026-03-31T09:53:52.220Z  ΓÜá The "middleware" file convention is deprecated. 
Please use "proxy" instead. Learn more: 
https://nextjs.org/docs/messages/middleware-to-proxy
2026-03-31T09:53:52.260Z  Creating an optimized production build ...
2026-03-31T09:53:59.915Z  Turbopack build encountered 1 warnings:
2026-03-31T09:53:59.915Z  ./app/api/profile/customize/route.ts:4:14
2026-03-31T09:53:59.915Z  Next.js can't recognize the exported `config` field 
in route. Page config in `config` is deprecated and ignored, use individual 
exports instead.
2026-03-31T09:53:59.915Z  2 | import { createClient, getUserFromRequest } from 
'@/lib/supabase/server'
2026-03-31T09:53:59.915Z  3 |
2026-03-31T09:53:59.915Z  > 4 | export const config = {
2026-03-31T09:53:59.915Z  |              ^^^^^^
2026-03-31T09:53:59.915Z  5 |   api: {
2026-03-31T09:53:59.915Z  6 |     bodyParser: false,
2026-03-31T09:53:59.915Z  7 |   },
2026-03-31T09:53:59.915Z  
2026-03-31T09:53:59.915Z  The exported configuration object in a source file 
needs to have a very specific format from which some properties can be 
statically parsed at compiled-time.
2026-03-31T09:53:59.916Z  
2026-03-31T09:53:59.916Z  
https://nextjs.org/docs/app/api-reference/file-conventions/route-segment-config
2026-03-31T09:53:59.916Z  
2026-03-31T09:53:59.916Z  
2026-03-31T09:53:59.934Z  Γ£ô Compiled successfully in 7.4s
2026-03-31T09:53:59.936Z  Running TypeScript ...
2026-03-31T09:54:14.148Z  Failed to type check.
2026-03-31T09:54:14.149Z  
2026-03-31T09:54:14.149Z  ./lib/graduation-engine.ts:175:8
2026-03-31T09:54:14.149Z  Type error: Property 'catch' does not exist on type 
'PostgrestFilterBuilder<any, any, any, null, "transactions", unknown, 
"POST">'. Did you mean 'match'?
2026-03-31T09:54:14.149Z  
2026-03-31T09:54:14.149Z  173 |       status: 'completed',
2026-03-31T09:54:14.149Z  174 |       tx_hash: graduationSig || null,
2026-03-31T09:54:14.149Z  > 175 |     }).catch(() => {});
2026-03-31T09:54:14.149Z  |        ^
2026-03-31T09:54:14.149Z  176 |   }
2026-03-31T09:54:14.149Z  177 |
2026-03-31T09:54:14.149Z  178 |   // ΓöÇΓöÇ Mark graduated in Supabase ΓöÇΓöÇΓö
ÇΓöÇΓöÇΓöÇΓöÇΓöÇΓöÇΓöÇΓöÇΓöÇΓöÇΓöÇΓöÇΓöÇΓöÇΓöÇΓöÇΓöÇΓöÇΓöÇΓöÇΓöÇΓöÇΓöÇΓöÇΓöÇΓöÇ
ΓöÇΓöÇΓöÇΓöÇΓöÇΓöÇΓöÇΓöÇΓöÇΓöÇΓöÇΓöÇΓöÇΓöÇ
2026-03-31T09:54:14.228Z  Next.js build worker exited with code: 1 and signal: 
null
2026-03-31T09:54:14.291Z  ELIFECYCLEΓÇë Command failed with exit code 1.
2026-03-31T09:54:14.308Z  Error: Command "pnpm run build" exited with 1
Error: Command "pnpm run build" exited with 1
https://v0-ai-agent-instagram-mbh2x7ha9-cryptoskeets-projects.vercel.app
